# JRE version: Java(TM) SE Runtime Environment (21.0.1+12) (build 21.0.1+12-LTS-29)
# Java VM: Java HotSpot(TM) 64-Bit Server VM (21.0.1+12-LTS-29, mixed mode, sharing, tiered, compressed oops, compressed class ptrs, g1 gc, windows-amd64)
GC Precious Log:
 CardTable entry size: 512
 Card Set container configuration: InlinePtr #cards 4 size 8 Array Of Cards #cards 16 size 48 Howl #buckets 8 coarsen threshold 3686 Howl Bitmap #cards 512 size 80 coarsen threshold 460 Card regions per heap region 1 cards per card region 4096
 CPUs: 8 total, 8 available
 Memory: 14277M
 Large Page Support: Disabled
 NUMA Support: Disabled
 Compressed Oops: Enabled (Zero based)
 Heap Region Size: 2M
 Heap Min Capacity: 8M
 Heap Initial Capacity: 224M
 Heap Max Capacity: 3570M
 Pre-touch: Disabled
 Parallel Workers: 8
 Concurrent Workers: 2
 Concurrent Refinement Workers: 8
 Periodic GC: Disabled
Heap:
 garbage-first heap   total 139264K, used 108491K [0x0000000720e00000, 0x0000000800000000)
  region size 2048K, 28 young (57344K), 2 survivors (4096K)
 Metaspace       used 62920K, committed 63744K, reserved 1114112K
  class space    used 7076K, committed 7488K, reserved 1048576K
GC Heap History (20 events):
Event: 3.085 GC heap before
{Heap before GC invocations=5 (full 0):
 garbage-first heap   total 75776K, used 45666K [0x0000000720e00000, 0x0000000800000000)
  region size 2048K, 21 young (43008K), 7 survivors (14336K)
 Metaspace       used 35240K, committed 35968K, reserved 1114112K
  class space    used 4440K, committed 4800K, reserved 1048576K
}
Event: 3.105 GC heap after
{Heap after GC invocations=6 (full 0):
 garbage-first heap   total 75776K, used 20785K [0x0000000720e00000, 0x0000000800000000)
  region size 2048K, 2 young (4096K), 2 survivors (4096K)
 Metaspace       used 35240K, committed 35968K, reserved 1114112K
  class space    used 4440K, committed 4800K, reserved 1048576K
}
Event: 3.133 GC heap before
{Heap before GC invocations=6 (full 0):
 garbage-first heap   total 75776K, used 20785K [0x0000000720e00000, 0x0000000800000000)
  region size 2048K, 3 young (6144K), 2 survivors (4096K)
 Metaspace       used 35530K, committed 36288K, reserved 1114112K
  class space    used 4474K, committed 4864K, reserved 1048576K
}
Event: 3.139 GC heap after
{Heap after GC invocations=7 (full 0):
 garbage-first heap   total 75776K, used 21189K [0x0000000720e00000, 0x0000000800000000)
  region size 2048K, 2 young (4096K), 2 survivors (4096K)
 Metaspace       used 35530K, committed 36288K, reserved 1114112K
  class space    used 4474K, committed 4864K, reserved 1048576K
}
Event: 3.509 GC heap before
{Heap before GC invocations=8 (full 0):
 garbage-first heap   total 75776K, used 60101K [0x0000000720e00000, 0x0000000800000000)
  region size 2048K, 21 young (43008K), 2 survivors (4096K)
 Metaspace       used 36995K, committed 37760K, reserved 1114112K
  class space    used 4626K, committed 4992K, reserved 1048576K
}
Event: 3.520 GC heap after
{Heap after GC invocations=9 (full 0):
 garbage-first heap   total 75776K, used 27157K [0x0000000720e00000, 0x0000000800000000)
  region size 2048K, 3 young (6144K), 3 survivors (6144K)
 Metaspace       used 36995K, committed 37760K, reserved 1114112K
  class space    used 4626K, committed 4992K, reserved 1048576K
}
Event: 4.345 GC heap before
{Heap before GC invocations=9 (full 0):
 garbage-first heap   total 75776K, used 61973K [0x0000000720e00000, 0x0000000800000000)
  region size 2048K, 20 young (40960K), 3 survivors (6144K)
 Metaspace       used 42449K, committed 43200K, reserved 1114112K
  class space    used 5201K, committed 5568K, reserved 1048576K
}
Event: 4.361 GC heap after
{Heap after GC invocations=10 (full 0):
 garbage-first heap   total 92160K, used 31867K [0x0000000720e00000, 0x0000000800000000)
  region size 2048K, 2 young (4096K), 2 survivors (4096K)
 Metaspace       used 42449K, committed 43200K, reserved 1114112K
  class space    used 5201K, committed 5568K, reserved 1048576K
}
Event: 5.195 GC heap before
{Heap before GC invocations=10 (full 0):
 garbage-first heap   total 92160K, used 74875K [0x0000000720e00000, 0x0000000800000000)
  region size 2048K, 23 young (47104K), 2 survivors (4096K)
 Metaspace       used 43776K, committed 44544K, reserved 1114112K
  class space    used 5234K, committed 5632K, reserved 1048576K
}
Event: 5.215 GC heap after
{Heap after GC invocations=11 (full 0):
 garbage-first heap   total 92160K, used 39405K [0x0000000720e00000, 0x0000000800000000)
  region size 2048K, 3 young (6144K), 3 survivors (6144K)
 Metaspace       used 43776K, committed 44544K, reserved 1114112K
  class space    used 5234K, committed 5632K, reserved 1048576K
}
Event: 5.506 GC heap before
{Heap before GC invocations=11 (full 0):
 garbage-first heap   total 92160K, used 74221K [0x0000000720e00000, 0x0000000800000000)
  region size 2048K, 20 young (40960K), 3 survivors (6144K)
 Metaspace       used 44846K, committed 45632K, reserved 1114112K
  class space    used 5364K, committed 5760K, reserved 1048576K
}
Event: 5.523 GC heap after
{Heap after GC invocations=12 (full 0):
 garbage-first heap   total 92160K, used 43110K [0x0000000720e00000, 0x0000000800000000)
  region size 2048K, 2 young (4096K), 2 survivors (4096K)
 Metaspace       used 44846K, committed 45632K, reserved 1114112K
  class space    used 5364K, committed 5760K, reserved 1048576K
}
Event: 5.569 GC heap before
{Heap before GC invocations=12 (full 0):
 garbage-first heap   total 92160K, used 75878K [0x0000000720e00000, 0x0000000800000000)
  region size 2048K, 18 young (36864K), 2 survivors (4096K)
 Metaspace       used 44846K, committed 45632K, reserved 1114112K
  class space    used 5364K, committed 5760K, reserved 1048576K
}
Event: 5.574 GC heap after
{Heap after GC invocations=13 (full 0):
 garbage-first heap   total 92160K, used 43387K [0x0000000720e00000, 0x0000000800000000)
  region size 2048K, 2 young (4096K), 2 survivors (4096K)
 Metaspace       used 44846K, committed 45632K, reserved 1114112K
  class space    used 5364K, committed 5760K, reserved 1048576K
}
Event: 6.730 GC heap before
{Heap before GC invocations=13 (full 0):
 garbage-first heap   total 92160K, used 78203K [0x0000000720e00000, 0x0000000800000000)
  region size 2048K, 19 young (38912K), 2 survivors (4096K)
 Metaspace       used 47219K, committed 47936K, reserved 1114112K
  class space    used 5526K, committed 5888K, reserved 1048576K
}
Event: 6.744 GC heap after
{Heap after GC invocations=14 (full 0):
 garbage-first heap   total 139264K, used 47693K [0x0000000720e00000, 0x0000000800000000)
  region size 2048K, 3 young (6144K), 3 survivors (6144K)
 Metaspace       used 47219K, committed 47936K, reserved 1114112K
  class space    used 5526K, committed 5888K, reserved 1048576K
}
Event: 9.072 GC heap before
{Heap before GC invocations=14 (full 0):
 garbage-first heap   total 139264K, used 115277K [0x0000000720e00000, 0x0000000800000000)
  region size 2048K, 36 young (73728K), 3 survivors (6144K)
 Metaspace       used 53672K, committed 54464K, reserved 1114112K
  class space    used 6224K, committed 6592K, reserved 1048576K
}
Event: 9.090 GC heap after
{Heap after GC invocations=15 (full 0):
 garbage-first heap   total 139264K, used 54369K [0x0000000720e00000, 0x0000000800000000)
  region size 2048K, 5 young (10240K), 5 survivors (10240K)
 Metaspace       used 53672K, committed 54464K, reserved 1114112K
  class space    used 6224K, committed 6592K, reserved 1048576K
}
Event: 9.698 GC heap before
{Heap before GC invocations=15 (full 0):
 garbage-first heap   total 139264K, used 80993K [0x0000000720e00000, 0x0000000800000000)
  region size 2048K, 19 young (38912K), 5 survivors (10240K)
 Metaspace       used 58517K, committed 59328K, reserved 1114112K
  class space    used 6660K, committed 7040K, reserved 1048576K
}
Event: 9.715 GC heap after
{Heap after GC invocations=16 (full 0):
 garbage-first heap   total 139264K, used 57291K [0x0000000720e00000, 0x0000000800000000)
  region size 2048K, 2 young (4096K), 2 survivors (4096K)
 Metaspace       used 58517K, committed 59328K, reserved 1114112K
  class space    used 6660K, committed 7040K, reserved 1048576K
}

